Arguments: 
  /Users/vadimkurnakov/.nvm/versions/node/v16.17.0/bin/node /Users/vadimkurnakov/.yarn/bin/yarn.js

PATH: 
  /Users/vadimkurnakov/.yarn/bin:/Users/vadimkurnakov/.config/yarn/global/node_modules/.bin:/opt/homebrew/bin:/Users/vadimkurnakov/.nvm/versions/node/v16.17.0/bin:/usr/local/bin:/usr/bin:/bin:/usr/sbin:/sbin

Yarn version: 
  1.22.19

Node version: 
  16.17.0

Platform: 
  darwin arm64

Trace: 
  Error: connect ECONNREFUSED 104.16.22.35:443
      at TCPConnectWrap.afterConnect [as oncomplete] (node:net:1247:16)

npm manifest: 
  {
    "name": "xtravel",
    "version": "0.0.1",
    "main": "entry.ts",
    "license": "UNLICENSED",
    "private": true,
    "scripts": {
      "build": "tsc",
      "start": "yarn build && NODE_ENV=development node build/entry.js",
      "start:debug": "yarn build && NODE_ENV=debug node build/entry.js",
      "test": "jest",
      "lint": "eslint src"
    },
    "dependencies": {
      "axios": "^1.1.2",
      "cheerio": "^1.0.0-rc.12",
      "dotenv": "^16.0.3",
      "express": "^4.18.2",
      "fingerprint-generator": "^2.1.1",
      "fingerprint-injector": "^2.1.1",
      "lodash": "^4.17.21",
      "mongodb": "^4.10.0",
      "puppeteer": "^18.2.1",
      "puppeteer-extra": "^3.3.4",
      "puppeteer-extra-plugin-stealth": "^2.11.1",
      "puppeteer-screen-recorder": "^2.1.2",
      "redis": "^4.3.1"
    },
    "devDependencies": {
      "@types/cheerio": "^0.22.31",
      "@types/express": "^4.17.14",
      "@types/jest": "^29.2.0",
      "@types/lodash": "^4.14.186",
      "@types/puppeteer": "^5.4.6",
      "@typescript-eslint/eslint-plugin": "^5.39.0",
      "@typescript-eslint/parser": "^5.39.0",
      "eslint": "^8.24.0",
      "eslint-plugin-import": "^2.26.0",
      "jest": "^29.2.1",
      "ts-jest": "^29.0.3",
      "ts-node": "^10.9.1",
      "typescript": "^4.8.4"
    }
  }

yarn manifest: 
  No manifest

Lockfile: 
  No lockfile
